c:\users\dell\desktop\consoleapplication1\consoleapplication1\consoleapplication1\x64\debug\vc143.pdb
c:\users\dell\desktop\consoleapplication1\consoleapplication1\consoleapplication1\x64\debug\vc143.idb
c:\users\dell\desktop\consoleapplication1\consoleapplication1\consoleapplication1\x64\debug\wuziqimanager.obj
c:\users\dell\desktop\consoleapplication1\consoleapplication1\consoleapplication1\x64\debug\weiqimanager.obj
c:\users\dell\desktop\consoleapplication1\consoleapplication1\consoleapplication1\x64\debug\pieceboard.obj
c:\users\dell\desktop\consoleapplication1\consoleapplication1\consoleapplication1\x64\debug\memento.obj
c:\users\dell\desktop\consoleapplication1\consoleapplication1\consoleapplication1\x64\debug\main.obj
c:\users\dell\desktop\consoleapplication1\consoleapplication1\consoleapplication1\x64\debug\gamemanager.obj
c:\users\dell\desktop\consoleapplication1\consoleapplication1\consoleapplication1\x64\debug\gamefactory.obj
c:\users\dell\desktop\consoleapplication1\consoleapplication1\consoleapplication1\x64\debug\datainfo.obj
c:\users\dell\desktop\consoleapplication1\consoleapplication1\consoleapplication1\x64\debug\component.obj
c:\users\dell\desktop\consoleapplication1\consoleapplication1\consoleapplication1\x64\debug\client.obj
c:\users\dell\desktop\consoleapplication1\consoleapplication1\consoleapplication1\x64\debug\caretaker.obj
c:\users\dell\desktop\consoleapplication1\consoleapplication1\x64\debug\consoleapplication1.exe
c:\users\dell\desktop\consoleapplication1\consoleapplication1\consoleapplication1\x64\debug\consoleapplication1.ilk
c:\users\dell\desktop\consoleapplication1\consoleapplication1\x64\debug\consoleapplication1.pdb
c:\users\dell\desktop\consoleapplication1\consoleapplication1\consoleapplication1\x64\debug\consolea.dae72ad2.tlog\cl.command.1.tlog
c:\users\dell\desktop\consoleapplication1\consoleapplication1\consoleapplication1\x64\debug\consolea.dae72ad2.tlog\cl.read.1.tlog
c:\users\dell\desktop\consoleapplication1\consoleapplication1\consoleapplication1\x64\debug\consolea.dae72ad2.tlog\cl.write.1.tlog
c:\users\dell\desktop\consoleapplication1\consoleapplication1\consoleapplication1\x64\debug\consolea.dae72ad2.tlog\link.command.1.tlog
c:\users\dell\desktop\consoleapplication1\consoleapplication1\consoleapplication1\x64\debug\consolea.dae72ad2.tlog\link.read.1.tlog
c:\users\dell\desktop\consoleapplication1\consoleapplication1\consoleapplication1\x64\debug\consolea.dae72ad2.tlog\link.write.1.tlog
